<?xml version="1.0" encoding="UTF-8"?>
<testng-results ignored="0" total="1" passed="1" failed="0" skipped="0">
  <reporter-output>
  </reporter-output>
  <suite started-at="2022-03-20T11:02:18 IST" name="Default suite" finished-at="2022-03-20T11:02:36 IST" duration-ms="18751">
    <groups>
    </groups>
    <test started-at="2022-03-20T11:02:18 IST" name="Default test" finished-at="2022-03-20T11:02:36 IST" duration-ms="18751">
      <class name="PractiseTest.NokariTest">
        <test-method signature="test()[pri:0, instance:PractiseTest.NokariTest@45ca843]" started-at="2022-03-20T11:02:18 IST" name="test" finished-at="2022-03-20T11:02:36 IST" duration-ms="18681" status="PASS">
          <reporter-output>
          </reporter-output>
        </test-method> <!-- test -->
      </class> <!-- PractiseTest.NokariTest -->
    </test> <!-- Default test -->
  </suite> <!-- Default suite -->
</testng-results>
